This is pdfTeX, Version 3.1415926-2.4-1.40.13 (TeX Live 2012/Debian) (format=latex 2013.3.8)  18 JUL 2013 23:14
entering extended mode
 \write18 enabled.
 Source specials enabled.
 %&-line parsing enabled.
**"BA Kittel.tex"
(./BA Kittel.tex
LaTeX2e <2011/06/27>
Babel <v3.8m> and hyphenation patterns for english, dumylang, nohyphenation, lo
aded.
(/usr/share/texlive/texmf-dist/tex/latex/base/article.cls
Document Class: article 2007/10/19 v1.4h Standard LaTeX document class
(/usr/share/texlive/texmf-dist/tex/latex/base/size11.clo
File: size11.clo 2007/10/19 v1.4h Standard LaTeX file (size option)
)
\c@part=\count79
\c@section=\count80
\c@subsection=\count81
\c@subsubsection=\count82
\c@paragraph=\count83
\c@subparagraph=\count84
\c@figure=\count85
\c@table=\count86
\abovecaptionskip=\skip41
\belowcaptionskip=\skip42
\bibindent=\dimen102
)
(/usr/share/texlive/texmf-dist/tex/generic/babel/babel.sty
Package: babel 2008/07/08 v3.8m The Babel package

(/usr/share/texlive/texmf-dist/tex/generic/babel/ngermanb.ldf
Language: ngermanb 2008/07/06 v2.6n new German support from the babel system

(/usr/share/texlive/texmf-dist/tex/generic/babel/babel.def
File: babel.def 2008/07/08 v3.8m Babel common definitions
\babel@savecnt=\count87
\U@D=\dimen103
)

Package babel Warning: No hyphenation patterns were loaded for
(babel)                the language `ngerman'
(babel)                I will use the patterns loaded for \language=0 instead.

\l@ngerman = a dialect from \language0
\l@naustrian = a dialect from \language\l@ngerman 
Package babel Info: Making " an active character on input line 92.
)) (/usr/share/texlive/texmf-dist/tex/latex/base/inputenc.sty
Package: inputenc 2008/03/30 v1.1d Input encoding file
\inpenc@prehook=\toks14
\inpenc@posthook=\toks15

(/usr/share/texlive/texmf-dist/tex/latex/base/ansinew.def
File: ansinew.def 2008/03/30 v1.1d Input encoding file
))
(/usr/share/texlive/texmf-dist/tex/latex/amsmath/amsmath.sty
Package: amsmath 2000/07/18 v2.13 AMS math features
\@mathmargin=\skip43

For additional information on amsmath, use the `?' option.
(/usr/share/texlive/texmf-dist/tex/latex/amsmath/amstext.sty
Package: amstext 2000/06/29 v2.01

(/usr/share/texlive/texmf-dist/tex/latex/amsmath/amsgen.sty
File: amsgen.sty 1999/11/30 v2.0
\@emptytoks=\toks16
\ex@=\dimen104
))
(/usr/share/texlive/texmf-dist/tex/latex/amsmath/amsbsy.sty
Package: amsbsy 1999/11/29 v1.2d
\pmbraise@=\dimen105
)
(/usr/share/texlive/texmf-dist/tex/latex/amsmath/amsopn.sty
Package: amsopn 1999/12/14 v2.01 operator names
)
\inf@bad=\count88
LaTeX Info: Redefining \frac on input line 211.
\uproot@=\count89
\leftroot@=\count90
LaTeX Info: Redefining \overline on input line 307.
\classnum@=\count91
\DOTSCASE@=\count92
LaTeX Info: Redefining \ldots on input line 379.
LaTeX Info: Redefining \dots on input line 382.
LaTeX Info: Redefining \cdots on input line 467.
\Mathstrutbox@=\box26
\strutbox@=\box27
\big@size=\dimen106
LaTeX Font Info:    Redeclaring font encoding OML on input line 567.
LaTeX Font Info:    Redeclaring font encoding OMS on input line 568.
\macc@depth=\count93
\c@MaxMatrixCols=\count94
\dotsspace@=\muskip10
\c@parentequation=\count95
\dspbrk@lvl=\count96
\tag@help=\toks17
\row@=\count97
\column@=\count98
\maxfields@=\count99
\andhelp@=\toks18
\eqnshift@=\dimen107
\alignsep@=\dimen108
\tagshift@=\dimen109
\tagwidth@=\dimen110
\totwidth@=\dimen111
\lineht@=\dimen112
\@envbody=\toks19
\multlinegap=\skip44
\multlinetaggap=\skip45
\mathdisplay@stack=\toks20
LaTeX Info: Redefining \[ on input line 2666.
LaTeX Info: Redefining \] on input line 2667.
)
(/usr/share/texlive/texmf-dist/tex/latex/gensymb/gensymb.sty
Package: gensymb 2003/07/02 v1.0 (WaS)
)
(/usr/share/texlive/texmf-dist/tex/latex/mh/breqn.sty
(/usr/share/texlive/texmf-dist/tex/latex/l3kernel/expl3.sty
(/usr/share/texlive/texmf-dist/tex/latex/l3kernel/l3names.sty
(/usr/share/texlive/texmf-dist/tex/latex/l3kernel/l3bootstrap.sty
Package: l3bootstrap 2011/12/29 v3110 L3 Experimental bootstrap code
)
Package: l3names 2012/03/04 v3494 L3 Experimental namespace for primitives
)
(/usr/share/texlive/texmf-dist/tex/latex/etex-pkg/etex.sty
Package: etex 1998/03/26 v2.0 eTeX basic definition package (PEB)
\et@xins=\count100
)
Package: expl3 2012/04/23 v3570 L3 Experimental code bundle wrapper

(/usr/share/texlive/texmf-dist/tex/latex/graphics/color.sty
Package: color 2005/11/14 v1.0j Standard LaTeX Color (DPC)

(/usr/share/texlive/texmf-dist/tex/latex/latexconfig/color.cfg
File: color.cfg 2007/01/18 v1.5 color configuration of teTeX/TeXLive
)
Package color Info: Driver file: dvips.def on input line 130.

(/usr/share/texlive/texmf-dist/tex/latex/graphics/dvips.def
File: dvips.def 1999/02/16 v3.0i Driver-dependant file (DPC,SPQR)
)
(/usr/share/texlive/texmf-dist/tex/latex/graphics/dvipsnam.def
File: dvipsnam.def 1999/02/16 v3.0i Driver-dependant file (DPC,SPQR)
))
(/usr/share/texlive/texmf-dist/tex/latex/graphics/graphics.sty
Package: graphics 2009/02/05 v1.0o Standard LaTeX Graphics (DPC,SPQR)

(/usr/share/texlive/texmf-dist/tex/latex/graphics/trig.sty
Package: trig 1999/03/16 v1.09 sin cos tan (DPC)
)
(/usr/share/texlive/texmf-dist/tex/latex/latexconfig/graphics.cfg
File: graphics.cfg 2010/04/23 v1.9 graphics configuration of TeX Live
)
Package graphics Info: Driver file: dvips.def on input line 91.
)
(/usr/share/texlive/texmf-dist/tex/latex/l3kernel/l3basics.sty
Package: l3basics 2012/03/04 v3491 L3 Experimental basic definitions
)
(/usr/share/texlive/texmf-dist/tex/latex/l3kernel/l3expan.sty
Package: l3expan 2012/02/26 v3460 L3 Experimental argument expansion
)
(/usr/share/texlive/texmf-dist/tex/latex/l3kernel/l3tl.sty
Package: l3tl 2012/03/04 v3490 L3 Experimental token lists
)
(/usr/share/texlive/texmf-dist/tex/latex/l3kernel/l3seq.sty
Package: l3seq 2012/03/04 v3490 L3 Experimental sequences and stacks
)
(/usr/share/texlive/texmf-dist/tex/latex/l3kernel/l3int.sty
Package: l3int 2012/03/04 v3490 L3 Experimental integers
\c_max_int=\count101
\l_tmpa_int=\count102
\l_tmpb_int=\count103
\l_tmpc_int=\count104
\g_tmpa_int=\count105
\g_tmpb_int=\count106
)
(/usr/share/texlive/texmf-dist/tex/latex/l3kernel/l3quark.sty
Package: l3quark 2012/02/12 v3384 L3 Experimental quarks
)
(/usr/share/texlive/texmf-dist/tex/latex/l3kernel/l3prg.sty
Package: l3prg 2012/03/04 v3490 L3 Experimental control structures
\g_prg_map_int=\count107
)
(/usr/share/texlive/texmf-dist/tex/latex/l3kernel/l3clist.sty
Package: l3clist 2012/03/04 v3490 L3 Experimental comma separated lists
)
(/usr/share/texlive/texmf-dist/tex/latex/l3kernel/l3token.sty
Package: l3token 2012/03/04 v3491 L3 Experimental token manipulation
)
(/usr/share/texlive/texmf-dist/tex/latex/l3kernel/l3prop.sty
Package: l3prop 2012/03/04 v3490 L3 Experimental property lists
)
(/usr/share/texlive/texmf-dist/tex/latex/l3kernel/l3msg.sty
Package: l3msg 2012/04/23 v3568 L3 Experimental messages
)
(/usr/share/texlive/texmf-dist/tex/latex/l3kernel/l3file.sty
Package: l3file 2012/03/09 v3520 L3 Experimental file and I/O operations
\l_iow_stream_int=\count108
\l_iow_line_length_int=\count109
\l_iow_target_length_int=\count110
\l_iow_current_line_int=\count111
\l_iow_current_word_int=\count112
\l_iow_current_indentation_int=\count113
)
(/usr/share/texlive/texmf-dist/tex/latex/l3kernel/l3skip.sty
Package: l3skip 2012/03/05 v3499 L3 Experimental dimensions and skips
\l_tmpa_dim=\dimen113
\l_tmpb_dim=\dimen114
\l_tmpc_dim=\dimen115
\g_tmpa_dim=\dimen116
\g_tmpb_dim=\dimen117
\l_tmpa_skip=\skip46
\l_tmpb_skip=\skip47
\l_tmpc_skip=\skip48
\g_tmpa_skip=\skip49
\g_tmpb_skip=\skip50
)
(/usr/share/texlive/texmf-dist/tex/latex/l3kernel/l3keys.sty
Package: l3keys 2012/03/03 v3487 L3 Experimental key-value interfaces
\g_keyval_level_int=\count114
\l_keys_choice_int=\count115
)
(/usr/share/texlive/texmf-dist/tex/latex/l3kernel/l3fp.sty
Package: l3fp 2012/03/04 v3490 L3 Experimental floating-point operations
\c_one_million=\count116
\c_one_hundred_million=\count117
\c_five_hundred_million=\count118
\c_one_thousand_million=\count119
\c_fp_pi_by_four_decimal_int=\count120
\c_fp_pi_by_four_extended_int=\count121
\c_fp_pi_decimal_int=\count122
\c_fp_pi_extended_int=\count123
\c_fp_two_pi_decimal_int=\count124
\c_fp_two_pi_extended_int=\count125
\l_fp_count_int=\count126
\l_fp_div_offset_int=\count127
\l_fp_exp_integer_int=\count128
\l_fp_exp_decimal_int=\count129
\l_fp_exp_extended_int=\count130
\l_fp_exp_exponent_int=\count131
\l_fp_input_a_sign_int=\count132
\l_fp_input_a_integer_int=\count133
\l_fp_input_a_decimal_int=\count134
\l_fp_input_a_exponent_int=\count135
\l_fp_input_b_sign_int=\count136
\l_fp_input_b_integer_int=\count137
\l_fp_input_b_decimal_int=\count138
\l_fp_input_b_exponent_int=\count139
\l_fp_input_a_extended_int=\count140
\l_fp_input_b_extended_int=\count141
\l_fp_mul_a_i_int=\count142
\l_fp_mul_a_ii_int=\count143
\l_fp_mul_a_iii_int=\count144
\l_fp_mul_a_iv_int=\count145
\l_fp_mul_a_v_int=\count146
\l_fp_mul_a_vi_int=\count147
\l_fp_mul_b_i_int=\count148
\l_fp_mul_b_ii_int=\count149
\l_fp_mul_b_iii_int=\count150
\l_fp_mul_b_iv_int=\count151
\l_fp_mul_b_v_int=\count152
\l_fp_mul_b_vi_int=\count153
\l_fp_mul_output_int=\count154
\l_fp_output_sign_int=\count155
\l_fp_output_integer_int=\count156
\l_fp_output_decimal_int=\count157
\l_fp_output_exponent_int=\count158
\l_fp_output_extended_int=\count159
\l_fp_round_position_int=\count160
\l_fp_round_target_int=\count161
\l_fp_split_sign_int=\count162
\l_fp_internal_int=\count163
\l_fp_trig_octant_int=\count164
\l_fp_trig_sign_int=\count165
\l_fp_trig_decimal_int=\count166
\l_fp_trig_extended_int=\count167
\l_fp_internal_dim=\dimen118
\l_fp_internal_skip=\skip51
)
(/usr/share/texlive/texmf-dist/tex/latex/l3kernel/l3box.sty
Package: l3box 2012/03/04 v3490 L3 Experimental boxes
\l_tmpb_box=\box28
\l_box_top_dim=\dimen119
\l_box_bottom_dim=\dimen120
\l_box_left_dim=\dimen121
\l_box_right_dim=\dimen122
\l_box_top_new_dim=\dimen123
\l_box_bottom_new_dim=\dimen124
\l_box_left_new_dim=\dimen125
\l_box_right_new_dim=\dimen126
\l_box_internal_box=\box29
)
(/usr/share/texlive/texmf-dist/tex/latex/l3kernel/l3coffins.sty
Package: l3coffins 2012/03/03 v3482 L3 Experimental coffin code layer
\l_coffin_internal_box=\box30
\l_coffin_internal_dim=\dimen127
\l_coffin_offset_x_dim=\dimen128
\l_coffin_offset_y_dim=\dimen129
\l_coffin_x_dim=\dimen130
\l_coffin_y_dim=\dimen131
\l_coffin_x_prime_dim=\dimen132
\l_coffin_y_prime_dim=\dimen133
\l_coffin_Depth_dim=\dimen134
\l_coffin_Height_dim=\dimen135
\l_coffin_TotalHeight_dim=\dimen136
\l_coffin_Width_dim=\dimen137
\c_empty_coffin=\box31
\l_coffin_aligned_coffin=\box32
\l_coffin_aligned_internal_coffin=\box33
\l_coffin_bounding_shift_dim=\dimen138
\l_coffin_left_corner_dim=\dimen139
\l_coffin_right_corner_dim=\dimen140
\l_coffin_bottom_corner_dim=\dimen141
\l_coffin_top_corner_dim=\dimen142
\l_coffin_scaled_total_height_dim=\dimen143
\l_coffin_scaled_width_dim=\dimen144
\l_coffin_display_coffin=\box34
\l_coffin_display_coord_coffin=\box35
\l_coffin_display_pole_coffin=\box36
\l_coffin_display_offset_dim=\dimen145
\l_coffin_display_x_dim=\dimen146
\l_coffin_display_y_dim=\dimen147
)
(/usr/share/texlive/texmf-dist/tex/latex/l3kernel/l3color.sty
Package: l3color 2011/09/07 v2776 L3 Experimental colour support
)
(/usr/share/texlive/texmf-dist/tex/latex/l3kernel/l3luatex.sty
Package: l3luatex 2012/02/09 v3355 L3 Experimental LuaTeX-specific functions
\g_cctab_allocate_int=\count168
\g_cctab_stack_int=\count169
))
Package: breqn 2012/05/10 v0.98b Breaking equations

(/usr/share/texlive/texmf-dist/tex/latex/mh/flexisym.sty
Package: flexisym 2010/09/17 v0.97b Make math characters macros
LaTeX Info: Redefining \textprime on input line 296.
LaTeX Info: Redefining \not on input line 354.

(/usr/share/texlive/texmf-dist/tex/latex/mh/cmbase.sym
File: cmbase.sym 2007/12/19 v0.92
LaTeX Info: Redefining \hbar on input line 323.
LaTeX Info: Redefining \surd on input line 325.
LaTeX Info: Redefining \angle on input line 333.
LaTeX Info: Redefining \neq on input line 334.
LaTeX Info: Redefining \mapsto on input line 335.
LaTeX Info: Redefining \cong on input line 336.
LaTeX Info: Redefining \notin on input line 339.
LaTeX Info: Redefining \rightleftharpoons on input line 340.
LaTeX Info: Redefining \doteq on input line 341.
LaTeX Info: Redefining \hookrightarrow on input line 342.
LaTeX Info: Redefining \hookleftarrow on input line 343.
LaTeX Info: Redefining \bowtie on input line 344.
LaTeX Info: Redefining \models on input line 345.
LaTeX Info: Redefining \Longrightarrow on input line 346.
LaTeX Info: Redefining \longrightarrow on input line 347.
LaTeX Info: Redefining \Longleftarrow on input line 348.
LaTeX Info: Redefining \longleftarrow on input line 349.
LaTeX Info: Redefining \longmapsto on input line 350.
LaTeX Info: Redefining \longleftrightarrow on input line 351.
LaTeX Info: Redefining \Longleftrightarrow on input line 352.
LaTeX Info: Redefining \cdots on input line 356.
LaTeX Info: Redefining \vdots on input line 359.
LaTeX Info: Redefining \ddots on input line 364.
)
(/usr/share/texlive/texmf-dist/tex/latex/mh/mathstyle.sty
Package: mathstyle 2011/08/03 v0.90 Tracking mathstyle implicitly
LaTeX Info: Redefining \displaystyle on input line 81.
LaTeX Info: Redefining \textstyle on input line 83.
LaTeX Info: Redefining \scriptstyle on input line 85.
LaTeX Info: Redefining \scriptscriptstyle on input line 87.
LaTeX Info: Redefining \genfrac on input line 121.
))
(/usr/share/texlive/texmf-dist/tex/latex/graphics/keyval.sty
Package: keyval 1999/03/16 v1.13 key=value parser (DPC)
\KV@toks@=\toks21
)
(/usr/share/texlive/texmf-dist/tex/latex/tools/calc.sty
Package: calc 2007/08/22 v4.3 Infix arithmetic (KKT,FJ)
\calc@Acount=\count170
\calc@Bcount=\count171
\calc@Adimen=\dimen148
\calc@Bdimen=\dimen149
\calc@Askip=\skip52
\calc@Bskip=\skip53
LaTeX Info: Redefining \setlength on input line 76.
LaTeX Info: Redefining \addtolength on input line 77.
\calc@Ccount=\count172
\calc@Cskip=\skip54
)
\inf@bad=\count173
\maxint=\count174
\listwidth=\dimen150
\eqnumsep=\dimen151
\eqmargin=\dimen152
\eqlinespacing=\skip55
\eqlineskip=\skip56
\eqlineskiplimit=\dimen153
\eqbinoffset=\muskip11
\eqdelimoffset=\muskip12
\eqindentstep=\dimen154
\eqstyle=\toks22
\eqbreakdepth=\count175
\eqinterlinepenalty=\count176
\intereqpenalty=\count177
\intereqskip=\skip57
\prerelpenalty=\count178
\prebinoppenalty=\count179
\Dmedmuskip=\muskip13
\Dthickmuskip=\muskip14
\eqleftskip=\skip58
\eqrightskip=\skip59
\eq@vspan=\skip60
\eq@binoffset=\muskip15
\EQ@box=\box37
\EQ@copy=\box38
\EQ@numbox=\box39
\eq@wdNum=\dimen155
\GRP@numbox=\box40
\grp@wdNum=\dimen156
\eq@lines=\count180
\eq@curline=\count181
\eq@badness=\count182
\EQ@vims=\count183
\eq@dp=\dimen157
\eq@wdL=\dimen158
\eq@wdT=\dimen159
\eq@wdMin=\dimen160
\grp@wdL=\dimen161
\grp@wdR=\dimen162
\grp@wdT=\dimen163
\eq@wdRmax=\dimen164
\eq@firstht=\dimen165
\eq@wdCond=\dimen166
\eq@indentstep=\dimen167
\eq@linewidth=\dimen168
\grp@linewidth=\dimen169
\eq@hshift=\dimen170
\eq@given@sidespace=\dimen171
\mathindent=\dimen172
\eq@final@linecount=\count184
\eq@wdR=\dimen173
\EQ@continue=\toks23
\lr@level=\count185
\GRP@queue=\toks24
\GRP@box=\box41
\GRP@wholebox=\box42
\darraycolsep=\skip61
\cur@row=\count186
\cur@col=\count187
\conditionsep=\skip62
)
(/usr/share/texlive/texmf-dist/tex/latex/amsfonts/amsfonts.sty
Package: amsfonts 2009/06/22 v3.00 Basic AMSFonts support
\symAMSa=\mathgroup4
\symAMSb=\mathgroup5
LaTeX Font Info:    Overwriting math alphabet `\mathfrak' in version `bold'
(Font)                  U/euf/m/n --> U/euf/b/n on input line 96.
)
(/usr/share/texlive/texmf-dist/tex/latex/amsfonts/amssymb.sty
Package: amssymb 2009/06/22 v3.00
)
(/usr/share/texlive/texmf-dist/tex/latex/url/url.sty
\Urlmuskip=\muskip16
Package: url 2006/04/12  ver 3.3  Verb mode for urls, etc.
)
(/usr/share/texlive/texmf-dist/tex/latex/natbib/natbib.sty
Package: natbib 2010/09/13 8.31b (PWD, AO)
\bibhang=\skip63
\bibsep=\skip64
LaTeX Info: Redefining \cite on input line 694.
\c@NAT@ctr=\count188
)
(/usr/share/texlive/texmf-dist/tex/latex/appendix/appendix.sty
Package: appendix 2005/10/30 2.2 (PWD)
)
(/usr/share/texlive/texmf-dist/tex/latex/gmp/gmp.sty
Package: gmp 2011/03/10 v1.0 Integrate MetaPost with LaTeX (EG)

(/usr/share/texlive/texmf-dist/tex/latex/xkeyval/xkeyval.sty
Package: xkeyval 2008/08/13 v2.6a package option processing (HA)

(/usr/share/texlive/texmf-dist/tex/generic/xkeyval/xkeyval.tex
\XKV@toks=\toks25
\XKV@tempa@toks=\toks26
\XKV@depth=\count189
File: xkeyval.tex 2008/08/13 v2.6a key=value parser (HA)
))
(/usr/share/texlive/texmf-dist/tex/latex/graphics/graphicx.sty
Package: graphicx 1999/02/16 v1.0f Enhanced LaTeX Graphics (DPC,SPQR)
\Gin@req@height=\dimen174
\Gin@req@width=\dimen175
)
(/usr/share/texlive/texmf-dist/tex/generic/oberdiek/ifpdf.sty
Package: ifpdf 2011/01/30 v2.3 Provides the ifpdf switch (HO)
Package ifpdf Info: pdfTeX in PDF mode is not detected.
)
(/usr/share/texlive/texmf-dist/tex/generic/ifxetex/ifxetex.sty
Package: ifxetex 2010/09/12 v0.6 Provides ifxetex conditional
)
(/usr/share/texlive/texmf-dist/tex/latex/environ/environ.sty
Package: environ 2013/04/01 v0.3 A new environment syntax

(/usr/share/texlive/texmf-dist/tex/latex/trimspaces/trimspaces.sty
Package: trimspaces 2009/09/17 v1.1 Trim spaces around a token list
))
\gmp@packages=\toks27
\gmp@commands=\toks28
\gmp@out=\write3
\c@gmp@count=\count190
)
(./BA Kittel.aux)
\openout1 = `"BA Kittel.aux"'.

LaTeX Font Info:    Checking defaults for OML/cmm/m/it on input line 29.
LaTeX Font Info:    ... okay on input line 29.
LaTeX Font Info:    Checking defaults for T1/cmr/m/n on input line 29.
LaTeX Font Info:    ... okay on input line 29.
LaTeX Font Info:    Checking defaults for OT1/cmr/m/n on input line 29.
LaTeX Font Info:    ... okay on input line 29.
LaTeX Font Info:    Checking defaults for OMS/cmsy/m/n on input line 29.
LaTeX Font Info:    ... okay on input line 29.
LaTeX Font Info:    Checking defaults for OMX/cmex/m/n on input line 29.
LaTeX Font Info:    ... okay on input line 29.
LaTeX Font Info:    Checking defaults for U/cmr/m/n on input line 29.
LaTeX Font Info:    ... okay on input line 29.
LaTeX Info: Redefining \celsius on input line 29.
Package gensymb Info: Faking symbols for \degree and \celsius on input line 29.



Package gensymb Warning: Not defining \perthousand.

LaTeX Info: Redefining \ohm on input line 29.
Package gensymb Info: Using \Omega for \ohm on input line 29.

Package gensymb Warning: Not defining \micro.

LaTeX Font Info:    Try loading font information for U+msa on input line 31.
(/usr/share/texlive/texmf-dist/tex/latex/amsfonts/umsa.fd
File: umsa.fd 2009/06/22 v3.00 AMS symbols A
)
LaTeX Font Info:    Try loading font information for U+msb on input line 31.

(/usr/share/texlive/texmf-dist/tex/latex/amsfonts/umsb.fd
File: umsb.fd 2009/06/22 v3.00 AMS symbols B
)
Overfull \hbox (11.6962pt too wide) in paragraph at lines 35--38
\OT1/cmr/m/n/10 Bere-ich der Wasserver-sorgung die Schl[]usselkom-po-nen-ten (A
nge-bot, Nach-
 []


Overfull \hbox (6.28181pt too wide) in paragraph at lines 35--38
\OT1/cmr/m/n/10 frage, In-fras-truk-tur, Umwel-te-in-fl[]usse) darzustellen, Ve
r-hal-ten auf Mikro-
 []


Overfull \hbox (0.55621pt too wide) in paragraph at lines 35--38
\OT1/cmr/m/n/10 ebene simulieren und auf Makroebene langfristige Ten-den-zen er
kennbar
 []


Overfull \hbox (4.19513pt too wide) in paragraph at lines 35--38
\OT1/cmr/m/n/10 (Haushalte und Bew[]asserungs-land-wirtschaften) ver-schiedene 
Hand-lung-
 []


Overfull \hbox (4.61287pt too wide) in paragraph at lines 35--38
\OT1/cmr/m/n/10 dazu di-enen k[]onnen, die Re-silienz sozio[]okonomis-ch-er Sys
-teme gegen[]uber
 []

[1

]
Underfull \hbox (badness 10000) in paragraph at lines 46--50

 []

[2]
Overfull \hbox (28.21567pt too wide) in paragraph at lines 59--61
[]\OT1/cmr/m/n/10.95 Die Wasserver-sorgung ste-ht zuk[]unftig vor gro^^Yen Her-
aus-forderun-gen. Zunehmende
 []


Overfull \hbox (9.29158pt too wide) in paragraph at lines 59--61
\OT1/cmr/m/n/10.95 Umweltvolatilit[]at durch Kli-mawan-del, zunehmende Ur-ban-i
sierung, Wasserver-
 []


Overfull \hbox (7.9064pt too wide) in paragraph at lines 59--61
\OT1/cmr/m/n/10.95 schmutzung durch In-dus-trie und in-ten-sive Land-wirtschaft
, sink-ende Gew[]asser-
 []


Underfull \hbox (badness 10000) in paragraph at lines 59--61

 []


Overfull \hbox (8.10417pt too wide) in paragraph at lines 64--66
\OT1/cmr/m/n/10.95 hen-den Wasserk-nap-pheit-en, sowie m[]oglich-er Steuerungs-
ma^^Y-nah-men und ihren
 []

[3]
Overfull \hbox (0.66612pt too wide) in paragraph at lines 77--82
\OT1/cmr/m/n/10.95 Olmstead hebt bei der Gestal-tung ein-er Nach-frage-funk-tio
n des Haushaltssek-
 []


Overfull \hbox (10.97977pt too wide) in paragraph at lines 77--82
\OT1/cmr/m/n/10.95 tor her-vor, dass Gren-zpreise, Einkom-men und Vari-ablen f[
]ur Haushalt-spr[]aferen-
 []


Overfull \hbox (7.5019pt too wide) in paragraph at lines 77--82
\OT1/cmr/m/n/10.95 den. Olm-stead find-et in ein-er Lit-er-atur-re-view auch hi
-er ten-den-ziell Preisinelas-
 []

[4]
Overfull \hbox (13.09245pt too wide) in paragraph at lines 86--92
\OT1/cmr/m/n/10.95 Haushal-ten, sowie das Ver-brauchsver-hal-ten von Bew[]asser
ungs-land-wirtschaften.
 []


Overfull \hbox (10.51306pt too wide) in paragraph at lines 86--92
\OT1/cmr/m/n/10.95 nis-chen Bew[]asserungssys-tems Auswirkun-gen auf den Wasser
ver-brauch. Varela-
 []

[5]
Underfull \hbox (badness 10000) in paragraph at lines 96--97

 []

[6]
Underfull \hbox (badness 10000) in paragraph at lines 101--102

 []


Underfull \hbox (badness 10000) in paragraph at lines 103--105

 []


Overfull \hbox (6.67036pt too wide) in paragraph at lines 106--107
[][]\OT1/cmr/m/n/10.95 Im Ebrobeck-en wird in-s-ge-samt eine Fl[]ache von 784.0
00 ha Land bew[]assert,
 []

[7]
Underfull \hbox (badness 10000) in paragraph at lines 109--110

 []


Underfull \hbox (badness 10000) in paragraph at lines 111--112

 []


! LaTeX Error: There's no line here to end.

See the LaTeX manual or LaTeX Companion for explanation.
Type  H <return>  for immediate help.
 ...                                              
                                                  
l.113 \newline
              
Your command was ignored.
Type  I <command> <return>  to replace it with another command,
or  <return>  to continue without it.


Overfull \hbox (41.98656pt too wide) in paragraph at lines 114--134
[][][] 
 []


Underfull \hbox (badness 10000) in paragraph at lines 114--134

 []


Overfull \hbox (1.88365pt too wide) in paragraph at lines 135--136
 \OT1/cmr/bx/n/10.95 Land-wirtschaften[] []\OT1/cmr/m/n/10.95 haben als Be-stan
ds-gr[]o^^Yen Gren-zpro-duk-tiv-it[]at pro Ku-
 []


Underfull \hbox (badness 10000) in paragraph at lines 135--136

 []

[8]
Overfull \hbox (29.7579pt too wide) in paragraph at lines 137--154
[][][] 
 []


Overfull \hbox (3.91989pt too wide) in paragraph at lines 156--158
 \OT1/cmr/bx/n/10.95 Umwelt-vari-ablen[] []\OT1/cmr/m/n/10.95 sind Tem-per-atur
 sowie gef[]uhrte Wasser-menge im Fluss-
 []


Underfull \hbox (badness 10000) in paragraph at lines 156--158

 []

[9]
Underfull \hbox (badness 10000) in paragraph at lines 165--166

 []

File: ./world.eps Graphic file (type eps)
<./world.eps>

LaTeX Warning: `h' float specifier changed to `ht'.

[10] [11]
Underfull \hbox (badness 10000) in paragraph at lines 190--191

 []


Underfull \hbox (badness 10000) in paragraph at lines 197--198

 []


Overfull \hbox (1.9904pt too wide) in paragraph at lines 222--224
\OT1/cmr/m/n/10.95 fragev-er-hal-ten im all-ge-meinen f[]ur preisinelastisch ge
hal-ten wird, zeigen einige
 []


Underfull \hbox (badness 10000) in paragraph at lines 222--224

 []

[12]
Overfull \hbox (14.42427pt too wide) in paragraph at lines 236--252
[][][] 
 []

[13]
Underfull \hbox (badness 10000) in paragraph at lines 257--259

 []


Underfull \hbox (badness 10000) in paragraph at lines 262--262
[][]\OT1/cmr/m/n/9 http://www.zaragoza.es/contenidos/normativa/ordenanzas-fisca
les/2013/OF_24-25-
 []


Overfull \hbox (7.29402pt too wide) in paragraph at lines 262--263
\OT1/cmr/m/n/10.95 mod-ell der Stadtver-wal-tung von Saragos-sa nachemp-fun-den
[]. Haushalte zahlen
 []


Underfull \hbox (badness 10000) in paragraph at lines 262--263

 []

[14]
Underfull \hbox (badness 10000) in paragraph at lines 276--278

 []


Overfull \hbox (2.06653pt too wide) in paragraph at lines 279--280
\OT1/cmr/m/n/10.95 tions-fak-tor zu se-hen, und ist da-her vor allem vom pro-du
zierten Gut abh[]angig.
 []


Underfull \hbox (badness 10000) in paragraph at lines 279--280

 []


Overfull \hbox (3.02586pt too wide) in paragraph at lines 292--301
[][][] 
 []

[15] [16]

LaTeX Warning: Command \ss invalid in math mode on input line 351.


Underfull \hbox (badness 10000) in paragraph at lines 355--355
 []$[][]|$ 
 []


Overfull \hbox (11.78462pt too wide) in paragraph at lines 362--365
[]\OT1/cmr/m/n/10.95 Die Entschei-dungs-funk-tion (10[]) der Land-wirtschaften 
di-ent dazu, den zuk[]unfti-
 []


Overfull \hbox (24.59836pt too wide) in paragraph at lines 362--365
\OT1/cmr/m/n/10.95 Preis-punkt, bzw. Wasserverf[]ugbarkeitss-chwelle, ab welch-
er Trock-en-land-wirtschaft
 []

[17] [18]
Overfull \hbox (1.84439pt too wide) in paragraph at lines 375--376
\OT1/cmr/m/n/10.95 Zu-s-tand ab-bilden. Jede Kom-bi-na-tion von Pa-ram-e-tern w
urde f[]unf mal wieder-
 []

File: ./demandpc.eps Graphic file (type eps)
<./demandpc.eps>

LaTeX Warning: `h' float specifier changed to `ht'.

LaTeX Font Info:    Try loading font information for OMS+cmr on input line 418.

(/usr/share/texlive/texmf-dist/tex/latex/base/omscmr.fd
File: omscmr.fd 1999/05/25 v2.5h Standard LaTeX font definitions
)
LaTeX Font Info:    Font shape `OMS/cmr/m/n' in size <10.95> not available
(Font)              Font shape `OMS/cmsy/m/n' tried instead on input line 418.

Overfull \hbox (1.00058pt too wide) in paragraph at lines 418--419
\OT1/cmr/m/n/10.95 Gewohn-heit-en) steigen und er-schw-eren die Um-set-zung von
 Wasserspar-
 []

[19]
Overfull \hbox (5.17995pt too wide) in paragraph at lines 423--424
[][]\OT1/cmr/m/n/10.95 Bei den Land-wirtschaften gibt es ein in-ter-es-santes P
h[]anomen zu beobacht-
 []

[20]
File: ./crop-types.eps Graphic file (type eps)
 <./crop-types.eps>
Overfull \hbox (2.44374pt too wide) in paragraph at lines 440--441
[][]\OT1/cmr/m/n/10.95 F[]ur zuk[]unftige Mod-el-len-twick-lung ist eben-falls 
erkennbar, dass die gro^^Yen
 []


Underfull \hbox (badness 10000) in paragraph at lines 440--441

 []

[21] (./BA Kittel.bbl [22] [23]) [24]
File: ./hh-size-distribution.eps Graphic file (type eps)
 <./hh-size-distribution.eps>
File: ./wealth-distribution.eps Graphic file (type eps)

<./wealth-distribution.eps>
File: ./ebro-wasser.eps Graphic file (type eps)
 <./ebro-wasser.eps>

LaTeX Warning: `h' float specifier changed to `ht'.

File: ./ebro-temperatur.eps Graphic file (type eps)
<./ebro-temperatur.eps>

LaTeX Warning: `h' float specifier changed to `ht'.

[25] [26] [27] (./BA Kittel.aux)

LaTeX Warning: Label(s) may have changed. Rerun to get cross-references right.

 ) 
Here is how much of TeX's memory you used:
 8315 strings out of 495060
 128436 string characters out of 3182054
 176681 words of memory out of 3000000
 11344 multiletter control sequences out of 15000+200000
 14196 words of font info for 54 fonts, out of 3000000 for 9000
 14 hyphenation exceptions out of 8191
 36i,10n,34p,1480b,350s stack positions out of 5000i,500n,10000p,200000b,50000s

Output written on "BA Kittel.dvi" (27 pages, 94740 bytes).
